<?xml version="1.0" encoding="UTF-8"?>
<testsuite xmlns:xsi="http://www.w3.org/2001/XMLSchema-instance" xsi:noNamespaceSchemaLocation="https://maven.apache.org/surefire/maven-surefire-plugin/xsd/surefire-test-report.xsd" name="domainapp.modules.simple.integtests.tests.SimpleObject_IntegTest$updateName" time="0.134" tests="2" errors="0" skipped="0" failures="0">
  <properties>
[...]
</properties>
  <testcase name="fails_validation" classname="domainapp.modules.simple.integtests.tests.SimpleObject_IntegTest$updateName" time="0.064"/>
  <testcase name="can_be_updated_directly" classname="domainapp.modules.simple.integtests.tests.SimpleObject_IntegTest$updateName" time="0.069"/>
</testsuite>